<?xml version="1.0" encoding="UTF-8"?>
<!-- Generated by org.testng.reporters.JUnitReportReporter -->
<testsuite hostname="DESKTOP-RB8JHK9" failures="0" tests="4" name="com.qa.opencart.test.LoginPageTest" time="5.355" errors="0" timestamp="2021-11-18T06:37:12 GMT-08:00" skipped="0">
  <testcase classname="com.qa.opencart.test.LoginPageTest" name="loginPageTitleTest" time="0.140"/>
  <system-out/>
  <testcase classname="com.qa.opencart.test.LoginPageTest" name="forgottentPwdLinkTest" time="0.740"/>
  <system-out/>
  <testcase classname="com.qa.opencart.test.LoginPageTest" name="loginLinkTest" time="0.139"/>
  <system-out/>
  <testcase classname="com.qa.opencart.test.LoginPageTest" name="LoginAppTest" time="4.336"/>
  <system-out/>
</testsuite> <!-- com.qa.opencart.test.LoginPageTest -->
